<?xml version="1.0" encoding="UTF-8"?>
<testsuites>
  <testsuite name="fastlane.lanes">
    
    
    
      
      <testcase classname="fastlane.lanes" name="0: default_platform" time="0.000662">
        
      </testcase>
    
      
      <testcase classname="fastlane.lanes" name="1: test" time="95.235685">
        
          <failure message="/usr/local/Cellar/fastlane/2.199.0/libexec/gems/fastlane-2.199.0/fastlane/lib/fastlane/actions/actions_helper.rb:67:in `execute_action&apos;&#10;/usr/local/Cellar/fastlane/2.199.0/libexec/gems/fastlane-2.199.0/fastlane/lib/fastlane/runner.rb:255:in `block in execute_action&apos;&#10;/usr/local/Cellar/fastlane/2.199.0/libexec/gems/fastlane-2.199.0/fastlane/lib/fastlane/runner.rb:229:in `chdir&apos;&#10;/usr/local/Cellar/fastlane/2.199.0/libexec/gems/fastlane-2.199.0/fastlane/lib/fastlane/runner.rb:229:in `execute_action&apos;&#10;/usr/local/Cellar/fastlane/2.199.0/libexec/gems/fastlane-2.199.0/fastlane/lib/fastlane/runner.rb:157:in `trigger_action_by_name&apos;&#10;/usr/local/Cellar/fastlane/2.199.0/libexec/gems/fastlane-2.199.0/fastlane/lib/fastlane/fast_file.rb:159:in `method_missing&apos;&#10;Fastfile:21:in `block (2 levels) in parsing_binding&apos;&#10;/usr/local/Cellar/fastlane/2.199.0/libexec/gems/fastlane-2.199.0/fastlane/lib/fastlane/lane.rb:33:in `call&apos;&#10;/usr/local/Cellar/fastlane/2.199.0/libexec/gems/fastlane-2.199.0/fastlane/lib/fastlane/runner.rb:49:in `block in execute&apos;&#10;/usr/local/Cellar/fastlane/2.199.0/libexec/gems/fastlane-2.199.0/fastlane/lib/fastlane/runner.rb:45:in `chdir&apos;&#10;/usr/local/Cellar/fastlane/2.199.0/libexec/gems/fastlane-2.199.0/fastlane/lib/fastlane/runner.rb:45:in `execute&apos;&#10;/usr/local/Cellar/fastlane/2.199.0/libexec/gems/fastlane-2.199.0/fastlane/lib/fastlane/lane_manager.rb:47:in `cruise_lane&apos;&#10;/usr/local/Cellar/fastlane/2.199.0/libexec/gems/fastlane-2.199.0/fastlane/lib/fastlane/command_line_handler.rb:36:in `handle&apos;&#10;/usr/local/Cellar/fastlane/2.199.0/libexec/gems/fastlane-2.199.0/fastlane/lib/fastlane/commands_generator.rb:109:in `block (2 levels) in run&apos;&#10;/usr/local/Cellar/fastlane/2.199.0/libexec/gems/commander-4.6.0/lib/commander/command.rb:187:in `call&apos;&#10;/usr/local/Cellar/fastlane/2.199.0/libexec/gems/commander-4.6.0/lib/commander/command.rb:157:in `run&apos;&#10;/usr/local/Cellar/fastlane/2.199.0/libexec/gems/commander-4.6.0/lib/commander/runner.rb:444:in `run_active_command&apos;&#10;/usr/local/Cellar/fastlane/2.199.0/libexec/gems/fastlane-2.199.0/fastlane_core/lib/fastlane_core/ui/fastlane_runner.rb:117:in `run!&apos;&#10;/usr/local/Cellar/fastlane/2.199.0/libexec/gems/commander-4.6.0/lib/commander/delegates.rb:18:in `run!&apos;&#10;/usr/local/Cellar/fastlane/2.199.0/libexec/gems/fastlane-2.199.0/fastlane/lib/fastlane/commands_generator.rb:353:in `run&apos;&#10;/usr/local/Cellar/fastlane/2.199.0/libexec/gems/fastlane-2.199.0/fastlane/lib/fastlane/commands_generator.rb:42:in `start&apos;&#10;/usr/local/Cellar/fastlane/2.199.0/libexec/gems/fastlane-2.199.0/fastlane/lib/fastlane/cli_tools_distributor.rb:122:in `take_off&apos;&#10;/usr/local/Cellar/fastlane/2.199.0/libexec/gems/fastlane-2.199.0/bin/fastlane:23:in `&lt;top (required)&gt;&apos;&#10;/usr/local/Cellar/fastlane/2.199.0/libexec/bin/fastlane:25:in `load&apos;&#10;/usr/local/Cellar/fastlane/2.199.0/libexec/bin/fastlane:25:in `&lt;main&gt;&apos;&#10;&#10;Exit status of command &apos;/Users/oldcyber/development/projects/qrtools/android/gradlew test -p .&apos; was 1 instead of 0.&#10;&#10;Welcome to Gradle 6.7!&#10;&#10;Here are the highlights of this release:&#10; - File system watching is ready for production use&#10; - Declare the version of Java your build requires&#10; - Java 15 support&#10;&#10;For more details see https://docs.gradle.org/6.7/release-notes.html&#10;&#10;Starting a Gradle Daemon, 1 incompatible Daemon could not be reused, use --status for details&#10;Warning: Mapping new ns http://schemas.android.com/repository/android/common/02 to old ns http://schemas.android.com/repository/android/common/01&#10;Warning: Mapping new ns http://schemas.android.com/repository/android/generic/02 to old ns http://schemas.android.com/repository/android/generic/01&#10;Warning: Mapping new ns http://schemas.android.com/sdk/android/repo/addon2/02 to old ns http://schemas.android.com/sdk/android/repo/addon2/01&#10;Warning: Mapping new ns http://schemas.android.com/sdk/android/repo/repository2/02 to old ns http://schemas.android.com/sdk/android/repo/repository2/01&#10;Warning: Mapping new ns http://schemas.android.com/sdk/android/repo/sys-img2/02 to old ns http://schemas.android.com/sdk/android/repo/sys-img2/01&#10;&gt; Task :app:compileFlutterBuildDebug&#10;&gt; Task :app:packLibsflutterBuildDebug&#10;&gt; Task :app:preBuild UP-TO-DATE&#10;&gt; Task :app:preDebugBuild UP-TO-DATE&#10;&gt; Task :app:compileDebugAidl NO-SOURCE&#10;&gt; Task :app:compileDebugRenderscript NO-SOURCE&#10;&gt; Task :app:generateDebugBuildConfig&#10;&gt; Task :app:cleanMergeDebugAssets UP-TO-DATE&#10;&gt; Task :app:checkDebugAarMetadata&#10;&gt; Task :app:mergeDebugShaders&#10;&gt; Task :app:compileDebugShaders NO-SOURCE&#10;&gt; Task :app:generateDebugAssets UP-TO-DATE&#10;&gt; Task :app:mergeDebugAssets&#10;&gt; Task :app:copyFlutterAssetsDebug&#10;&gt; Task :app:generateDebugResValues&#10;&gt; Task :app:generateDebugResources&#10;&gt; Task :app:createDebugCompatibleScreenManifests&#10;&gt; Task :app:extractDeepLinksDebug&#10;&gt; Task :app:mergeDebugResources&#10;&gt; Task :app:processDebugMainManifest&#10;&gt; Task :app:processDebugManifest&#10;&gt; Task :app:preDebugUnitTestBuild UP-TO-DATE&#10;&gt; Task :app:javaPreCompileDebug&#10;&gt; Task :app:javaPreCompileDebugUnitTest&#10;&gt; Task :app:processDebugJavaRes NO-SOURCE&#10;&gt; Task :app:processDebugUnitTestJavaRes NO-SOURCE&#10;&gt; Task :app:processDebugManifestForPackage&#10;&gt; Task :app:compileFlutterBuildProfile&#10;&gt; Task :app:packLibsflutterBuildProfile&#10;&gt; Task :app:preProfileBuild UP-TO-DATE&#10;&gt; Task :app:compileProfileAidl NO-SOURCE&#10;&gt; Task :app:compileProfileRenderscript NO-SOURCE&#10;&gt; Task :app:generateProfileBuildConfig&#10;&gt; Task :app:cleanMergeProfileAssets UP-TO-DATE&#10;&gt; Task :app:checkProfileAarMetadata&#10;&gt; Task :app:mergeProfileShaders&#10;&gt; Task :app:compileProfileShaders NO-SOURCE&#10;&gt; Task :app:generateProfileAssets UP-TO-DATE&#10;&gt; Task :app:mergeProfileAssets&#10;&gt; Task :app:copyFlutterAssetsProfile&#10;&gt; Task :app:generateProfileResValues&#10;&gt; Task :app:generateProfileResources&#10;&gt; Task :app:createProfileCompatibleScreenManifests&#10;&gt; Task :app:extractDeepLinksProfile&#10;&gt; Task :app:processProfileMainManifest&#10;&gt; Task :app:processProfileManifest&#10;&gt; Task :app:preProfileUnitTestBuild UP-TO-DATE&#10;&gt; Task :app:javaPreCompileProfile&#10;&gt; Task :app:processProfileJavaRes NO-SOURCE&#10;&gt; Task :app:javaPreCompileProfileUnitTest&#10;&gt; Task :app:processProfileUnitTestJavaRes NO-SOURCE&#10;&gt; Task :app:mergeProfileResources&#10;&gt; Task :app:compileFlutterBuildRelease&#10;&gt; Task :app:packLibsflutterBuildRelease UP-TO-DATE&#10;&gt; Task :app:extractProguardFiles UP-TO-DATE&#10;&gt; Task :app:preReleaseBuild UP-TO-DATE&#10;&gt; Task :app:compileReleaseAidl NO-SOURCE&#10;&gt; Task :app:compileReleaseRenderscript NO-SOURCE&#10;&gt; Task :app:generateReleaseBuildConfig UP-TO-DATE&#10;&gt; Task :app:checkReleaseAarMetadata UP-TO-DATE&#10;&gt; Task :app:cleanMergeReleaseAssets&#10;&gt; Task :app:mergeReleaseShaders UP-TO-DATE&#10;&gt; Task :app:compileReleaseShaders NO-SOURCE&#10;&gt; Task :app:generateReleaseAssets UP-TO-DATE&#10;&gt; Task :app:mergeReleaseAssets&#10;&gt; Task :app:copyFlutterAssetsRelease&#10;&gt; Task :app:generateReleaseResValues UP-TO-DATE&#10;&gt; Task :app:generateReleaseResources UP-TO-DATE&#10;&gt; Task :app:mergeReleaseResources UP-TO-DATE&#10;&gt; Task :app:createReleaseCompatibleScreenManifests UP-TO-DATE&#10;&gt; Task :app:extractDeepLinksRelease UP-TO-DATE&#10;&gt; Task :app:processReleaseMainManifest UP-TO-DATE&#10;&gt; Task :app:processReleaseManifest UP-TO-DATE&#10;&gt; Task :app:processReleaseManifestForPackage UP-TO-DATE&#10;&gt; Task :app:processReleaseResources UP-TO-DATE&#10;&gt; Task :app:processProfileManifestForPackage&#10;&gt; Task :app:compileReleaseKotlin FAILED&#10;&#10;FAILURE: Build failed with an exception.&#10;&#10;* What went wrong:&#10;Execution failed for task &apos;:app:compileReleaseKotlin&apos;.&#10;&gt; Kotlin could not find the required JDK tools in the Java installation &apos;/Library/Internet Plug-Ins/JavaAppletPlugin.plugin/Contents/Home&apos; used by Gradle. Make sure Gradle is running on a JDK, not JRE.&#10;&#10;* Try:&#10;Run with --stacktrace option to get the stack trace. Run with --info or --debug option to get more log output. Run with --scan to get full insights.&#10;&#10;* Get more help at https://help.gradle.org&#10;&#10;Deprecated Gradle features were used in this build, making it incompatible with Gradle 7.0.&#10;Use &apos;--warning-mode all&apos; to show the individual deprecation warnings.&#10;See https://docs.gradle.org/6.7/userguide/command_line_interface.html#sec:command_line_warnings&#10;&#10;BUILD FAILED in 1m 33s&#10;52 actionable tasks: 37 executed, 15 up-to-date&#10;" />
        
      </testcase>
    
  </testsuite>
</testsuites>
